[0.016s] Invoking command in '/home/csi/TTR_ws/build/open_manipulator_x_description': CMAKE_PREFIX_PATH=/opt/ros/foxy /usr/bin/cmake --build /home/csi/TTR_ws/build/open_manipulator_x_description -- -j16 -l16
[0.042s] Invoked command in '/home/csi/TTR_ws/build/open_manipulator_x_description' returned '0': CMAKE_PREFIX_PATH=/opt/ros/foxy /usr/bin/cmake --build /home/csi/TTR_ws/build/open_manipulator_x_description -- -j16 -l16
[0.066s] Invoking command in '/home/csi/TTR_ws/build/open_manipulator_x_description': CMAKE_PREFIX_PATH=/opt/ros/foxy /usr/bin/cmake --install /home/csi/TTR_ws/build/open_manipulator_x_description
[0.075s] -- Install configuration: ""
[0.075s] -- Up-to-date: /home/csi/TTR_ws/install/open_manipulator_x_description/share/open_manipulator_x_description/launch
[0.076s] -- Installing: /home/csi/TTR_ws/install/open_manipulator_x_description/share/open_manipulator_x_description/launch/gazebo_world.launch.py
[0.076s] -- Up-to-date: /home/csi/TTR_ws/install/open_manipulator_x_description/share/open_manipulator_x_description/meshes
[0.076s] -- Up-to-date: /home/csi/TTR_ws/install/open_manipulator_x_description/share/open_manipulator_x_description/meshes/chain_link4.stl
[0.076s] -- Up-to-date: /home/csi/TTR_ws/install/open_manipulator_x_description/share/open_manipulator_x_description/meshes/chain_link3.stl
[0.076s] -- Up-to-date: /home/csi/TTR_ws/install/open_manipulator_x_description/share/open_manipulator_x_description/meshes/chain_link1.stl
[0.076s] -- Up-to-date: /home/csi/TTR_ws/install/open_manipulator_x_description/share/open_manipulator_x_description/meshes/chain_link2.stl
[0.076s] -- Up-to-date: /home/csi/TTR_ws/install/open_manipulator_x_description/share/open_manipulator_x_description/meshes/paddle.stl
[0.076s] -- Up-to-date: /home/csi/TTR_ws/install/open_manipulator_x_description/share/open_manipulator_x_description/rviz
[0.076s] -- Up-to-date: /home/csi/TTR_ws/install/open_manipulator_x_description/share/open_manipulator_x_description/urdf
[0.077s] -- Installing: /home/csi/TTR_ws/install/open_manipulator_x_description/share/open_manipulator_x_description/urdf/open_manipulator_x.urdf.xacro
[0.077s] -- Up-to-date: /home/csi/TTR_ws/install/open_manipulator_x_description/share/open_manipulator_x_description/config
[0.077s] -- Up-to-date: /home/csi/TTR_ws/install/open_manipulator_x_description/share/open_manipulator_x_description/GazeboFiles
[0.077s] -- Up-to-date: /home/csi/TTR_ws/install/open_manipulator_x_description/share/open_manipulator_x_description/GazeboFiles/models
[0.077s] -- Up-to-date: /home/csi/TTR_ws/install/open_manipulator_x_description/share/open_manipulator_x_description/GazeboFiles/models/ball
[0.077s] -- Up-to-date: /home/csi/TTR_ws/install/open_manipulator_x_description/share/open_manipulator_x_description/GazeboFiles/models/ball/model.sdf
[0.077s] -- Up-to-date: /home/csi/TTR_ws/install/open_manipulator_x_description/share/open_manipulator_x_description/GazeboFiles/models/ball/model.config
[0.077s] -- Up-to-date: /home/csi/TTR_ws/install/open_manipulator_x_description/share/open_manipulator_x_description/worlds
[0.077s] -- Up-to-date: /home/csi/TTR_ws/install/open_manipulator_x_description/share/open_manipulator_x_description/worlds/table_tennis.world
[0.077s] -- Up-to-date: /home/csi/TTR_ws/install/open_manipulator_x_description/share/ament_index/resource_index/package_run_dependencies/open_manipulator_x_description
[0.078s] -- Up-to-date: /home/csi/TTR_ws/install/open_manipulator_x_description/share/ament_index/resource_index/parent_prefix_path/open_manipulator_x_description
[0.078s] -- Up-to-date: /home/csi/TTR_ws/install/open_manipulator_x_description/share/open_manipulator_x_description/environment/ament_prefix_path.sh
[0.078s] -- Up-to-date: /home/csi/TTR_ws/install/open_manipulator_x_description/share/open_manipulator_x_description/environment/ament_prefix_path.dsv
[0.078s] -- Up-to-date: /home/csi/TTR_ws/install/open_manipulator_x_description/share/open_manipulator_x_description/environment/path.sh
[0.078s] -- Up-to-date: /home/csi/TTR_ws/install/open_manipulator_x_description/share/open_manipulator_x_description/environment/path.dsv
[0.079s] -- Up-to-date: /home/csi/TTR_ws/install/open_manipulator_x_description/share/open_manipulator_x_description/local_setup.bash
[0.080s] -- Up-to-date: /home/csi/TTR_ws/install/open_manipulator_x_description/share/open_manipulator_x_description/local_setup.sh
[0.080s] -- Up-to-date: /home/csi/TTR_ws/install/open_manipulator_x_description/share/open_manipulator_x_description/local_setup.zsh
[0.080s] -- Up-to-date: /home/csi/TTR_ws/install/open_manipulator_x_description/share/open_manipulator_x_description/local_setup.dsv
[0.081s] -- Installing: /home/csi/TTR_ws/install/open_manipulator_x_description/share/open_manipulator_x_description/package.dsv
[0.081s] -- Up-to-date: /home/csi/TTR_ws/install/open_manipulator_x_description/share/ament_index/resource_index/packages/open_manipulator_x_description
[0.081s] -- Up-to-date: /home/csi/TTR_ws/install/open_manipulator_x_description/share/open_manipulator_x_description/cmake/open_manipulator_x_descriptionConfig.cmake
[0.081s] -- Up-to-date: /home/csi/TTR_ws/install/open_manipulator_x_description/share/open_manipulator_x_description/cmake/open_manipulator_x_descriptionConfig-version.cmake
[0.082s] -- Up-to-date: /home/csi/TTR_ws/install/open_manipulator_x_description/share/open_manipulator_x_description/package.xml
[0.082s] Invoked command in '/home/csi/TTR_ws/build/open_manipulator_x_description' returned '0': CMAKE_PREFIX_PATH=/opt/ros/foxy /usr/bin/cmake --install /home/csi/TTR_ws/build/open_manipulator_x_description
