-- Install configuration: ""
-- Up-to-date: /home/csi/TTR_ws/install/open_manipulator_x_description/share/open_manipulator_x_description/launch
-- Up-to-date: /home/csi/TTR_ws/install/open_manipulator_x_description/share/open_manipulator_x_description/launch/gazebo_world.launch.py
-- Up-to-date: /home/csi/TTR_ws/install/open_manipulator_x_description/share/open_manipulator_x_description/launch/multi_spawn_robot.launch.py
-- Up-to-date: /home/csi/TTR_ws/install/open_manipulator_x_description/share/open_manipulator_x_description/launch/open_manipulator_x_gazebo.launch.py
-- Up-to-date: /home/csi/TTR_ws/install/open_manipulator_x_description/share/open_manipulator_x_description/launch/spawn_robot.launch.py
-- Up-to-date: /home/csi/TTR_ws/install/open_manipulator_x_description/share/open_manipulator_x_description/launch/multi_open_manipulator_x_gazebo.launch.py
-- Up-to-date: /home/csi/TTR_ws/install/open_manipulator_x_description/share/open_manipulator_x_description/meshes
-- Up-to-date: /home/csi/TTR_ws/install/open_manipulator_x_description/share/open_manipulator_x_description/meshes/chain_link4.stl
-- Up-to-date: /home/csi/TTR_ws/install/open_manipulator_x_description/share/open_manipulator_x_description/meshes/chain_link3.stl
-- Up-to-date: /home/csi/TTR_ws/install/open_manipulator_x_description/share/open_manipulator_x_description/meshes/chain_link1.stl
-- Up-to-date: /home/csi/TTR_ws/install/open_manipulator_x_description/share/open_manipulator_x_description/meshes/chain_link2.stl
-- Up-to-date: /home/csi/TTR_ws/install/open_manipulator_x_description/share/open_manipulator_x_description/meshes/paddle.stl
-- Up-to-date: /home/csi/TTR_ws/install/open_manipulator_x_description/share/open_manipulator_x_description/rviz
-- Up-to-date: /home/csi/TTR_ws/install/open_manipulator_x_description/share/open_manipulator_x_description/rviz/open_manipulator_x.rviz
-- Up-to-date: /home/csi/TTR_ws/install/open_manipulator_x_description/share/open_manipulator_x_description/urdf
-- Up-to-date: /home/csi/TTR_ws/install/open_manipulator_x_description/share/open_manipulator_x_description/urdf/open_manipulator_x_robot.urdf
-- Up-to-date: /home/csi/TTR_ws/install/open_manipulator_x_description/share/open_manipulator_x_description/urdf/open_manipulator_x_robot2.urdf
-- Up-to-date: /home/csi/TTR_ws/install/open_manipulator_x_description/share/open_manipulator_x_description/urdf/open_manipulator_x_robot.urdf.xacro
-- Installing: /home/csi/TTR_ws/install/open_manipulator_x_description/share/open_manipulator_x_description/urdf/open_manipulator_x.urdf.xacro
-- Up-to-date: /home/csi/TTR_ws/install/open_manipulator_x_description/share/open_manipulator_x_description/urdf/open_manipulator_x.transmission.xacro
-- Up-to-date: /home/csi/TTR_ws/install/open_manipulator_x_description/share/open_manipulator_x_description/urdf/open_manipulator_x.control.xacro
-- Up-to-date: /home/csi/TTR_ws/install/open_manipulator_x_description/share/open_manipulator_x_description/urdf/open_manipulator_x.gazebo.xacro
-- Up-to-date: /home/csi/TTR_ws/install/open_manipulator_x_description/share/open_manipulator_x_description/config
-- Up-to-date: /home/csi/TTR_ws/install/open_manipulator_x_description/share/open_manipulator_x_description/config/open_manipulator_x_controller.yaml
-- Up-to-date: /home/csi/TTR_ws/install/open_manipulator_x_description/share/open_manipulator_x_description/GazeboFiles
-- Up-to-date: /home/csi/TTR_ws/install/open_manipulator_x_description/share/open_manipulator_x_description/GazeboFiles/models
-- Up-to-date: /home/csi/TTR_ws/install/open_manipulator_x_description/share/open_manipulator_x_description/GazeboFiles/models/ball
-- Up-to-date: /home/csi/TTR_ws/install/open_manipulator_x_description/share/open_manipulator_x_description/GazeboFiles/models/ball/model.sdf
-- Up-to-date: /home/csi/TTR_ws/install/open_manipulator_x_description/share/open_manipulator_x_description/GazeboFiles/models/ball/model.config
-- Up-to-date: /home/csi/TTR_ws/install/open_manipulator_x_description/share/open_manipulator_x_description/worlds
-- Up-to-date: /home/csi/TTR_ws/install/open_manipulator_x_description/share/open_manipulator_x_description/worlds/table_tennis.world
-- Up-to-date: /home/csi/TTR_ws/install/open_manipulator_x_description/lib/open_manipulator_x_description/spawn_open_manipulator_x.py
-- Up-to-date: /home/csi/TTR_ws/install/open_manipulator_x_description/share/ament_index/resource_index/package_run_dependencies/open_manipulator_x_description
-- Up-to-date: /home/csi/TTR_ws/install/open_manipulator_x_description/share/ament_index/resource_index/parent_prefix_path/open_manipulator_x_description
-- Up-to-date: /home/csi/TTR_ws/install/open_manipulator_x_description/share/open_manipulator_x_description/environment/ament_prefix_path.sh
-- Up-to-date: /home/csi/TTR_ws/install/open_manipulator_x_description/share/open_manipulator_x_description/environment/ament_prefix_path.dsv
-- Up-to-date: /home/csi/TTR_ws/install/open_manipulator_x_description/share/open_manipulator_x_description/environment/path.sh
-- Up-to-date: /home/csi/TTR_ws/install/open_manipulator_x_description/share/open_manipulator_x_description/environment/path.dsv
-- Up-to-date: /home/csi/TTR_ws/install/open_manipulator_x_description/share/open_manipulator_x_description/local_setup.bash
-- Up-to-date: /home/csi/TTR_ws/install/open_manipulator_x_description/share/open_manipulator_x_description/local_setup.sh
-- Up-to-date: /home/csi/TTR_ws/install/open_manipulator_x_description/share/open_manipulator_x_description/local_setup.zsh
-- Up-to-date: /home/csi/TTR_ws/install/open_manipulator_x_description/share/open_manipulator_x_description/local_setup.dsv
-- Installing: /home/csi/TTR_ws/install/open_manipulator_x_description/share/open_manipulator_x_description/package.dsv
-- Up-to-date: /home/csi/TTR_ws/install/open_manipulator_x_description/share/ament_index/resource_index/packages/open_manipulator_x_description
-- Up-to-date: /home/csi/TTR_ws/install/open_manipulator_x_description/share/open_manipulator_x_description/cmake/open_manipulator_x_descriptionConfig.cmake
-- Up-to-date: /home/csi/TTR_ws/install/open_manipulator_x_description/share/open_manipulator_x_description/cmake/open_manipulator_x_descriptionConfig-version.cmake
-- Up-to-date: /home/csi/TTR_ws/install/open_manipulator_x_description/share/open_manipulator_x_description/package.xml
