[0.419s] Invoking command in '/home/csi/TTR_ws/src/open_manipulator/control_open_manipulator_x': PYTHONPATH=/home/csi/TTR_ws/install/control_open_manipulator_x/lib/python3.8/site-packages:${PYTHONPATH} /usr/bin/python3 setup.py egg_info --egg-base ../../../build/control_open_manipulator_x build --build-base /home/csi/TTR_ws/build/control_open_manipulator_x/build install --prefix /home/csi/TTR_ws/install/control_open_manipulator_x --record /home/csi/TTR_ws/build/control_open_manipulator_x/install.log --single-version-externally-managed
[0.543s] running egg_info
[0.544s] writing ../../../build/control_open_manipulator_x/control_open_manipulator_x.egg-info/PKG-INFO
[0.544s] writing dependency_links to ../../../build/control_open_manipulator_x/control_open_manipulator_x.egg-info/dependency_links.txt
[0.544s] writing entry points to ../../../build/control_open_manipulator_x/control_open_manipulator_x.egg-info/entry_points.txt
[0.544s] writing requirements to ../../../build/control_open_manipulator_x/control_open_manipulator_x.egg-info/requires.txt
[0.544s] writing top-level names to ../../../build/control_open_manipulator_x/control_open_manipulator_x.egg-info/top_level.txt
[0.565s] reading manifest file '../../../build/control_open_manipulator_x/control_open_manipulator_x.egg-info/SOURCES.txt'
[0.565s] writing manifest file '../../../build/control_open_manipulator_x/control_open_manipulator_x.egg-info/SOURCES.txt'
[0.565s] running build
[0.565s] running build_py
[0.566s] copying control_open_manipulator_x/action_control.py -> /home/csi/TTR_ws/build/control_open_manipulator_x/build/lib/control_open_manipulator_x
[0.566s] running install
[0.566s] running install_lib
[0.567s] copying /home/csi/TTR_ws/build/control_open_manipulator_x/build/lib/control_open_manipulator_x/action_control.py -> /home/csi/TTR_ws/install/control_open_manipulator_x/lib/python3.8/site-packages/control_open_manipulator_x
[0.567s] byte-compiling /home/csi/TTR_ws/install/control_open_manipulator_x/lib/python3.8/site-packages/control_open_manipulator_x/action_control.py to action_control.cpython-38.pyc
[0.568s] running install_data
[0.568s] running install_egg_info
[0.569s] removing '/home/csi/TTR_ws/install/control_open_manipulator_x/lib/python3.8/site-packages/control_open_manipulator_x-0.0.0-py3.8.egg-info' (and everything under it)
[0.569s] Copying ../../../build/control_open_manipulator_x/control_open_manipulator_x.egg-info to /home/csi/TTR_ws/install/control_open_manipulator_x/lib/python3.8/site-packages/control_open_manipulator_x-0.0.0-py3.8.egg-info
[0.569s] running install_scripts
[0.579s] Installing action_control script to /home/csi/TTR_ws/install/control_open_manipulator_x/lib/control_open_manipulator_x
[0.579s] writing list of installed files to '/home/csi/TTR_ws/build/control_open_manipulator_x/install.log'
[0.595s] Invoked command in '/home/csi/TTR_ws/src/open_manipulator/control_open_manipulator_x' returned '0': PYTHONPATH=/home/csi/TTR_ws/install/control_open_manipulator_x/lib/python3.8/site-packages:${PYTHONPATH} /usr/bin/python3 setup.py egg_info --egg-base ../../../build/control_open_manipulator_x build --build-base /home/csi/TTR_ws/build/control_open_manipulator_x/build install --prefix /home/csi/TTR_ws/install/control_open_manipulator_x --record /home/csi/TTR_ws/build/control_open_manipulator_x/install.log --single-version-externally-managed
