running egg_info
creating ../../../build/control_open_manipulator_x/control_open_manipulator_x.egg-info
writing ../../../build/control_open_manipulator_x/control_open_manipulator_x.egg-info/PKG-INFO
writing dependency_links to ../../../build/control_open_manipulator_x/control_open_manipulator_x.egg-info/dependency_links.txt
writing entry points to ../../../build/control_open_manipulator_x/control_open_manipulator_x.egg-info/entry_points.txt
writing requirements to ../../../build/control_open_manipulator_x/control_open_manipulator_x.egg-info/requires.txt
writing top-level names to ../../../build/control_open_manipulator_x/control_open_manipulator_x.egg-info/top_level.txt
writing manifest file '../../../build/control_open_manipulator_x/control_open_manipulator_x.egg-info/SOURCES.txt'
reading manifest file '../../../build/control_open_manipulator_x/control_open_manipulator_x.egg-info/SOURCES.txt'
writing manifest file '../../../build/control_open_manipulator_x/control_open_manipulator_x.egg-info/SOURCES.txt'
running build
running build_py
creating /home/csi/TTR_ws/build/control_open_manipulator_x/build
creating /home/csi/TTR_ws/build/control_open_manipulator_x/build/lib
creating /home/csi/TTR_ws/build/control_open_manipulator_x/build/lib/control_open_manipulator_x
copying control_open_manipulator_x/action_control.py -> /home/csi/TTR_ws/build/control_open_manipulator_x/build/lib/control_open_manipulator_x
copying control_open_manipulator_x/__init__.py -> /home/csi/TTR_ws/build/control_open_manipulator_x/build/lib/control_open_manipulator_x
running install
running install_lib
creating /home/csi/TTR_ws/install/control_open_manipulator_x/lib/python3.8/site-packages/control_open_manipulator_x
copying /home/csi/TTR_ws/build/control_open_manipulator_x/build/lib/control_open_manipulator_x/action_control.py -> /home/csi/TTR_ws/install/control_open_manipulator_x/lib/python3.8/site-packages/control_open_manipulator_x
copying /home/csi/TTR_ws/build/control_open_manipulator_x/build/lib/control_open_manipulator_x/__init__.py -> /home/csi/TTR_ws/install/control_open_manipulator_x/lib/python3.8/site-packages/control_open_manipulator_x
byte-compiling /home/csi/TTR_ws/install/control_open_manipulator_x/lib/python3.8/site-packages/control_open_manipulator_x/action_control.py to action_control.cpython-38.pyc
byte-compiling /home/csi/TTR_ws/install/control_open_manipulator_x/lib/python3.8/site-packages/control_open_manipulator_x/__init__.py to __init__.cpython-38.pyc
running install_data
creating /home/csi/TTR_ws/install/control_open_manipulator_x/share/ament_index
creating /home/csi/TTR_ws/install/control_open_manipulator_x/share/ament_index/resource_index
creating /home/csi/TTR_ws/install/control_open_manipulator_x/share/ament_index/resource_index/packages
copying resource/control_open_manipulator_x -> /home/csi/TTR_ws/install/control_open_manipulator_x/share/ament_index/resource_index/packages
copying package.xml -> /home/csi/TTR_ws/install/control_open_manipulator_x/share/control_open_manipulator_x
running install_egg_info
Copying ../../../build/control_open_manipulator_x/control_open_manipulator_x.egg-info to /home/csi/TTR_ws/install/control_open_manipulator_x/lib/python3.8/site-packages/control_open_manipulator_x-0.0.0-py3.8.egg-info
running install_scripts
writing list of installed files to '/home/csi/TTR_ws/build/control_open_manipulator_x/install.log'
