running egg_info
writing ../../../build/control_open_manipulator_x/control_open_manipulator_x.egg-info/PKG-INFO
writing dependency_links to ../../../build/control_open_manipulator_x/control_open_manipulator_x.egg-info/dependency_links.txt
writing entry points to ../../../build/control_open_manipulator_x/control_open_manipulator_x.egg-info/entry_points.txt
writing requirements to ../../../build/control_open_manipulator_x/control_open_manipulator_x.egg-info/requires.txt
writing top-level names to ../../../build/control_open_manipulator_x/control_open_manipulator_x.egg-info/top_level.txt
reading manifest file '../../../build/control_open_manipulator_x/control_open_manipulator_x.egg-info/SOURCES.txt'
writing manifest file '../../../build/control_open_manipulator_x/control_open_manipulator_x.egg-info/SOURCES.txt'
running build
running build_py
copying control_open_manipulator_x/action_control.py -> /home/csi/TTR_ws/build/control_open_manipulator_x/build/lib/control_open_manipulator_x
running install
running install_lib
copying /home/csi/TTR_ws/build/control_open_manipulator_x/build/lib/control_open_manipulator_x/action_control.py -> /home/csi/TTR_ws/install/control_open_manipulator_x/lib/python3.8/site-packages/control_open_manipulator_x
byte-compiling /home/csi/TTR_ws/install/control_open_manipulator_x/lib/python3.8/site-packages/control_open_manipulator_x/action_control.py to action_control.cpython-38.pyc
running install_data
running install_egg_info
removing '/home/csi/TTR_ws/install/control_open_manipulator_x/lib/python3.8/site-packages/control_open_manipulator_x-0.0.0-py3.8.egg-info' (and everything under it)
Copying ../../../build/control_open_manipulator_x/control_open_manipulator_x.egg-info to /home/csi/TTR_ws/install/control_open_manipulator_x/lib/python3.8/site-packages/control_open_manipulator_x-0.0.0-py3.8.egg-info
running install_scripts
Installing action_control script to /home/csi/TTR_ws/install/control_open_manipulator_x/lib/control_open_manipulator_x
writing list of installed files to '/home/csi/TTR_ws/build/control_open_manipulator_x/install.log'
