[0.380s] DEBUG:colcon:Command line arguments: ['/home/csi/.local/bin/colcon', 'list', '-p', '--base-paths', '/home/csi/TTR_ws']
[0.380s] DEBUG:colcon:Parsed command line arguments: Namespace(allow_overriding=[], base_paths=['/home/csi/TTR_ws'], build_base='build', ignore_user_meta=False, log_base=None, log_level=None, main=<bound method ListVerb.main of <colcon_package_information.verb.list.ListVerb object at 0x7f2bd6bed070>>, metas=['./colcon.meta'], mixin=None, mixin_files=None, mixin_verb=('list',), names_only=False, packages_above=None, packages_above_and_dependencies=None, packages_above_depth=None, packages_end=None, packages_ignore=None, packages_ignore_regex=None, packages_select=None, packages_select_build_failed=False, packages_select_by_dep=None, packages_select_regex=None, packages_select_test_failures=False, packages_skip=None, packages_skip_build_finished=False, packages_skip_by_dep=None, packages_skip_regex=None, packages_skip_test_passed=False, packages_skip_up_to=None, packages_start=None, packages_up_to=None, packages_up_to_regex=None, paths=None, paths_only=True, topological_graph=False, topological_graph_density=False, topological_graph_dot=False, topological_graph_dot_cluster=False, topological_graph_dot_include_skipped=False, topological_graph_legend=False, topological_order=False, verb_extension=<colcon_package_information.verb.list.ListVerb object at 0x7f2bd6bed070>, verb_name='list', verb_parser=<colcon_mixin.mixin.mixin_argument.MixinArgumentDecorator object at 0x7f2bd6b11490>)
[0.405s] Level 1:colcon.colcon_core.package_discovery:discover_packages(colcon_meta) check parameters
[0.405s] Level 1:colcon.colcon_core.package_discovery:discover_packages(recursive) check parameters
[0.405s] Level 1:colcon.colcon_core.package_discovery:discover_packages(ignore) check parameters
[0.405s] Level 1:colcon.colcon_core.package_discovery:discover_packages(path) check parameters
[0.405s] Level 1:colcon.colcon_core.package_discovery:discover_packages(recursive) discover
[0.405s] INFO:colcon.colcon_core.package_discovery:Crawling recursively for packages in '/home/csi/TTR_ws'
[0.405s] Level 1:colcon.colcon_core.package_identification:_identify(/home/csi/TTR_ws) by extensions ['ignore', 'ignore_ament_install']
[0.405s] Level 1:colcon.colcon_core.package_identification:_identify(/home/csi/TTR_ws) by extension 'ignore'
[0.405s] Level 1:colcon.colcon_core.package_identification:_identify(/home/csi/TTR_ws) by extension 'ignore_ament_install'
[0.405s] Level 1:colcon.colcon_core.package_identification:_identify(/home/csi/TTR_ws) by extensions ['colcon_pkg']
[0.405s] Level 1:colcon.colcon_core.package_identification:_identify(/home/csi/TTR_ws) by extension 'colcon_pkg'
[0.405s] Level 1:colcon.colcon_core.package_identification:_identify(/home/csi/TTR_ws) by extensions ['colcon_meta']
[0.405s] Level 1:colcon.colcon_core.package_identification:_identify(/home/csi/TTR_ws) by extension 'colcon_meta'
[0.406s] Level 1:colcon.colcon_core.package_identification:_identify(/home/csi/TTR_ws) by extensions ['ros']
[0.406s] Level 1:colcon.colcon_core.package_identification:_identify(/home/csi/TTR_ws) by extension 'ros'
[0.414s] Level 1:colcon.colcon_core.package_identification:_identify(/home/csi/TTR_ws) by extensions ['cmake', 'python']
[0.415s] Level 1:colcon.colcon_core.package_identification:_identify(/home/csi/TTR_ws) by extension 'cmake'
[0.415s] Level 1:colcon.colcon_core.package_identification:_identify(/home/csi/TTR_ws) by extension 'python'
[0.415s] Level 1:colcon.colcon_core.package_identification:_identify(/home/csi/TTR_ws) by extensions ['python_setup_py']
[0.415s] Level 1:colcon.colcon_core.package_identification:_identify(/home/csi/TTR_ws) by extension 'python_setup_py'
[0.415s] Level 1:colcon.colcon_core.package_identification:_identify(/home/csi/TTR_ws/log) by extensions ['ignore', 'ignore_ament_install']
[0.415s] Level 1:colcon.colcon_core.package_identification:_identify(/home/csi/TTR_ws/log) by extension 'ignore'
[0.415s] Level 1:colcon.colcon_core.package_identification:_identify(/home/csi/TTR_ws/log) ignored
[0.415s] Level 1:colcon.colcon_core.package_identification:_identify(/home/csi/TTR_ws/src) by extensions ['ignore', 'ignore_ament_install']
[0.415s] Level 1:colcon.colcon_core.package_identification:_identify(/home/csi/TTR_ws/src) by extension 'ignore'
[0.415s] Level 1:colcon.colcon_core.package_identification:_identify(/home/csi/TTR_ws/src) by extension 'ignore_ament_install'
[0.415s] Level 1:colcon.colcon_core.package_identification:_identify(/home/csi/TTR_ws/src) by extensions ['colcon_pkg']
[0.415s] Level 1:colcon.colcon_core.package_identification:_identify(/home/csi/TTR_ws/src) by extension 'colcon_pkg'
[0.415s] Level 1:colcon.colcon_core.package_identification:_identify(/home/csi/TTR_ws/src) by extensions ['colcon_meta']
[0.415s] Level 1:colcon.colcon_core.package_identification:_identify(/home/csi/TTR_ws/src) by extension 'colcon_meta'
[0.415s] Level 1:colcon.colcon_core.package_identification:_identify(/home/csi/TTR_ws/src) by extensions ['ros']
[0.415s] Level 1:colcon.colcon_core.package_identification:_identify(/home/csi/TTR_ws/src) by extension 'ros'
[0.415s] Level 1:colcon.colcon_core.package_identification:_identify(/home/csi/TTR_ws/src) by extensions ['cmake', 'python']
[0.415s] Level 1:colcon.colcon_core.package_identification:_identify(/home/csi/TTR_ws/src) by extension 'cmake'
[0.415s] Level 1:colcon.colcon_core.package_identification:_identify(/home/csi/TTR_ws/src) by extension 'python'
[0.415s] Level 1:colcon.colcon_core.package_identification:_identify(/home/csi/TTR_ws/src) by extensions ['python_setup_py']
[0.415s] Level 1:colcon.colcon_core.package_identification:_identify(/home/csi/TTR_ws/src) by extension 'python_setup_py'
[0.415s] Level 1:colcon.colcon_core.package_identification:_identify(/home/csi/TTR_ws/src/open_manipulator) by extensions ['ignore', 'ignore_ament_install']
[0.415s] Level 1:colcon.colcon_core.package_identification:_identify(/home/csi/TTR_ws/src/open_manipulator) by extension 'ignore'
[0.415s] Level 1:colcon.colcon_core.package_identification:_identify(/home/csi/TTR_ws/src/open_manipulator) by extension 'ignore_ament_install'
[0.415s] Level 1:colcon.colcon_core.package_identification:_identify(/home/csi/TTR_ws/src/open_manipulator) by extensions ['colcon_pkg']
[0.415s] Level 1:colcon.colcon_core.package_identification:_identify(/home/csi/TTR_ws/src/open_manipulator) by extension 'colcon_pkg'
[0.415s] Level 1:colcon.colcon_core.package_identification:_identify(/home/csi/TTR_ws/src/open_manipulator) by extensions ['colcon_meta']
[0.415s] Level 1:colcon.colcon_core.package_identification:_identify(/home/csi/TTR_ws/src/open_manipulator) by extension 'colcon_meta'
[0.416s] Level 1:colcon.colcon_core.package_identification:_identify(/home/csi/TTR_ws/src/open_manipulator) by extensions ['ros']
[0.416s] Level 1:colcon.colcon_core.package_identification:_identify(/home/csi/TTR_ws/src/open_manipulator) by extension 'ros'
[0.416s] Level 1:colcon.colcon_core.package_identification:_identify(/home/csi/TTR_ws/src/open_manipulator) by extensions ['cmake', 'python']
[0.416s] Level 1:colcon.colcon_core.package_identification:_identify(/home/csi/TTR_ws/src/open_manipulator) by extension 'cmake'
[0.416s] Level 1:colcon.colcon_core.package_identification:_identify(/home/csi/TTR_ws/src/open_manipulator) by extension 'python'
[0.416s] Level 1:colcon.colcon_core.package_identification:_identify(/home/csi/TTR_ws/src/open_manipulator) by extensions ['python_setup_py']
[0.416s] Level 1:colcon.colcon_core.package_identification:_identify(/home/csi/TTR_ws/src/open_manipulator) by extension 'python_setup_py'
[0.416s] Level 1:colcon.colcon_core.package_identification:_identify(/home/csi/TTR_ws/src/open_manipulator/open_manipulator_x_description) by extensions ['ignore', 'ignore_ament_install']
[0.416s] Level 1:colcon.colcon_core.package_identification:_identify(/home/csi/TTR_ws/src/open_manipulator/open_manipulator_x_description) by extension 'ignore'
[0.416s] Level 1:colcon.colcon_core.package_identification:_identify(/home/csi/TTR_ws/src/open_manipulator/open_manipulator_x_description) by extension 'ignore_ament_install'
[0.416s] Level 1:colcon.colcon_core.package_identification:_identify(/home/csi/TTR_ws/src/open_manipulator/open_manipulator_x_description) by extensions ['colcon_pkg']
[0.416s] Level 1:colcon.colcon_core.package_identification:_identify(/home/csi/TTR_ws/src/open_manipulator/open_manipulator_x_description) by extension 'colcon_pkg'
[0.416s] Level 1:colcon.colcon_core.package_identification:_identify(/home/csi/TTR_ws/src/open_manipulator/open_manipulator_x_description) by extensions ['colcon_meta']
[0.416s] Level 1:colcon.colcon_core.package_identification:_identify(/home/csi/TTR_ws/src/open_manipulator/open_manipulator_x_description) by extension 'colcon_meta'
[0.416s] Level 1:colcon.colcon_core.package_identification:_identify(/home/csi/TTR_ws/src/open_manipulator/open_manipulator_x_description) by extensions ['ros']
[0.416s] Level 1:colcon.colcon_core.package_identification:_identify(/home/csi/TTR_ws/src/open_manipulator/open_manipulator_x_description) by extension 'ros'
[0.418s] DEBUG:colcon.colcon_core.package_identification:Package '/home/csi/TTR_ws/src/open_manipulator/open_manipulator_x_description' with type 'ros.ament_cmake' and name 'open_manipulator_x_description'
[0.418s] Level 1:colcon.colcon_core.package_discovery:discover_packages(recursive) using defaults
