[0.397s] Invoking command in '/home/csi/TTR_ws/src/open_manipulator/control_open_manipulator_x': PYTHONPATH=/home/csi/TTR_ws/install/control_open_manipulator_x/lib/python3.8/site-packages:${PYTHONPATH} /usr/bin/python3 setup.py egg_info --egg-base ../../../build/control_open_manipulator_x build --build-base /home/csi/TTR_ws/build/control_open_manipulator_x/build install --prefix /home/csi/TTR_ws/install/control_open_manipulator_x --record /home/csi/TTR_ws/build/control_open_manipulator_x/install.log --single-version-externally-managed
[0.521s] running egg_info
[0.521s] writing ../../../build/control_open_manipulator_x/control_open_manipulator_x.egg-info/PKG-INFO
[0.521s] writing dependency_links to ../../../build/control_open_manipulator_x/control_open_manipulator_x.egg-info/dependency_links.txt
[0.521s] writing entry points to ../../../build/control_open_manipulator_x/control_open_manipulator_x.egg-info/entry_points.txt
[0.521s] writing requirements to ../../../build/control_open_manipulator_x/control_open_manipulator_x.egg-info/requires.txt
[0.521s] writing top-level names to ../../../build/control_open_manipulator_x/control_open_manipulator_x.egg-info/top_level.txt
[0.541s] reading manifest file '../../../build/control_open_manipulator_x/control_open_manipulator_x.egg-info/SOURCES.txt'
[0.542s] writing manifest file '../../../build/control_open_manipulator_x/control_open_manipulator_x.egg-info/SOURCES.txt'
[0.542s] running build
[0.542s] running build_py
[0.542s] running install
[0.542s] running install_lib
[0.543s] running install_data
[0.543s] running install_egg_info
[0.544s] removing '/home/csi/TTR_ws/install/control_open_manipulator_x/lib/python3.8/site-packages/control_open_manipulator_x-0.0.0-py3.8.egg-info' (and everything under it)
[0.545s] Copying ../../../build/control_open_manipulator_x/control_open_manipulator_x.egg-info to /home/csi/TTR_ws/install/control_open_manipulator_x/lib/python3.8/site-packages/control_open_manipulator_x-0.0.0-py3.8.egg-info
[0.545s] running install_scripts
[0.555s] Installing action_control script to /home/csi/TTR_ws/install/control_open_manipulator_x/lib/control_open_manipulator_x
[0.555s] writing list of installed files to '/home/csi/TTR_ws/build/control_open_manipulator_x/install.log'
[0.570s] Invoked command in '/home/csi/TTR_ws/src/open_manipulator/control_open_manipulator_x' returned '0': PYTHONPATH=/home/csi/TTR_ws/install/control_open_manipulator_x/lib/python3.8/site-packages:${PYTHONPATH} /usr/bin/python3 setup.py egg_info --egg-base ../../../build/control_open_manipulator_x build --build-base /home/csi/TTR_ws/build/control_open_manipulator_x/build install --prefix /home/csi/TTR_ws/install/control_open_manipulator_x --record /home/csi/TTR_ws/build/control_open_manipulator_x/install.log --single-version-externally-managed
